Copyright 1986-2018 Xilinx, Inc. All Rights Reserved.
--------------------------------------------------------------------------------------------
| Tool Version : Vivado v.2018.2 (win64) Build 2258646 Thu Jun 14 20:03:12 MDT 2018
| Date         : Mon Dec 24 09:10:57 2018
| Host         : DESKTOP-148T5M7 running 64-bit major release  (build 9200)
| Command      : report_control_sets -verbose -file effectiveModule_control_sets_placed.rpt
| Design       : effectiveModule
| Device       : xc7a35t
--------------------------------------------------------------------------------------------

Control Set Information

Table of Contents
-----------------
1. Summary
2. Histogram
3. Flip-Flop Distribution
4. Detailed Control Set Information

1. Summary
----------

+----------------------------------------------------------+-------+
|                          Status                          | Count |
+----------------------------------------------------------+-------+
| Number of unique control sets                            |    25 |
| Unused register locations in slices containing registers |    58 |
+----------------------------------------------------------+-------+


2. Histogram
------------

+--------+--------------+
| Fanout | Control Sets |
+--------+--------------+
|      2 |            1 |
|      6 |            2 |
|      8 |           10 |
|     10 |            1 |
|     12 |            1 |
|    16+ |           10 |
+--------+--------------+


3. Flip-Flop Distribution
-------------------------

+--------------+-----------------------+------------------------+-----------------+--------------+
| Clock Enable | Synchronous Set/Reset | Asynchronous Set/Reset | Total Registers | Total Slices |
+--------------+-----------------------+------------------------+-----------------+--------------+
| No           | No                    | No                     |             158 |           26 |
| No           | No                    | Yes                    |              34 |            5 |
| No           | Yes                   | No                     |             346 |           46 |
| Yes          | No                    | No                     |              84 |           13 |
| Yes          | No                    | Yes                    |               0 |            0 |
| Yes          | Yes                   | No                     |              56 |           14 |
+--------------+-----------------------+------------------------+-----------------+--------------+


4. Detailed Control Set Information
-----------------------------------

+---------------------------------------------------+-------------------------------------------+---------------------------------------------+------------------+----------------+
|                    Clock Signal                   |               Enable Signal               |               Set/Reset Signal              | Slice Load Count | Bel Load Count |
+---------------------------------------------------+-------------------------------------------+---------------------------------------------+------------------+----------------+
|  clk_in_IBUF_BUFG                                 |                                           | system_reset_IBUF                           |                1 |              2 |
|  elevator/myConverter/nextState_reg[2]_i_2__0_n_0 |                                           |                                             |                1 |              6 |
|  elevator/bigLogic/elOut/E[0]                     |                                           |                                             |                1 |              6 |
|  clk_in_IBUF_BUFG                                 | keypad4X4_inst0/FSM_onehot_row[4]_i_1_n_0 |                                             |                1 |              8 |
|  clk_in_IBUF_BUFG                                 | elevator/bigLogic/f1Out/curF              | system_reset_IBUF                           |                3 |              8 |
|  clk_in_IBUF_BUFG                                 | elevator/bigLogic/f2Out/curF              | system_reset_IBUF                           |                2 |              8 |
|  clk_in_IBUF_BUFG                                 | elevator/bigLogic/f3Out/curF              | system_reset_IBUF                           |                3 |              8 |
|  elevator/movementDirection/clk_out               |                                           |                                             |                1 |              8 |
|  elevator/myClock/CLK                             |                                           | clk_reset_IBUF                              |                1 |              8 |
|  elevator/myClock/clk_for_fsm                     |                                           | system_reset_IBUF                           |                1 |              8 |
|  elevator/myClock/secondD_reg[3]                  |                                           | clk_reset_IBUF                              |                1 |              8 |
|  elevator/myClock/firstD_reg[3]                   |                                           | clk_reset_IBUF                              |                1 |              8 |
|  elevator/bigLogic/f3Out/E[0]                     |                                           |                                             |                2 |              8 |
|  clk_in_IBUF_BUFG                                 | myDisplay/bit_sent_count[4]_i_1_n_0       |                                             |                2 |             10 |
|  clk_in_IBUF_BUFG                                 | keypad4X4_inst0/count_deb                 | keypad4X4_inst0/count_deb[5]_i_1_n_0        |                2 |             12 |
|  clk_in_IBUF_BUFG                                 | keypad4X4_inst0/clk_en2                   |                                             |                4 |             18 |
|  clk_in_IBUF_BUFG                                 | myDisplay/clk_en_slow                     | myDisplay/op_count[9]_i_1_n_0               |                4 |             20 |
|  clk_in_IBUF_BUFG                                 | myDisplay/color_data[0]_i_1_n_0           |                                             |                6 |             48 |
|  clk_in_IBUF_BUFG                                 |                                           | elevator/movementDirection/ms250[0]_i_1_n_0 |                7 |             50 |
|  clk_in_IBUF_BUFG                                 |                                           | elevator/myClock/countSeconds[0]_i_1_n_0    |                7 |             54 |
|  clk_in_IBUF_BUFG                                 |                                           | elevator/myClock/count2[0]_i_1_n_0          |                7 |             56 |
|  clk_in_IBUF_BUFG                                 |                                           | elevator/myClock/count3[0]_i_1_n_0          |                8 |             58 |
|  clk_in_IBUF_BUFG                                 |                                           | elevator/myClock/count10[0]_i_1_n_0         |                8 |             60 |
|  clk_in_IBUF_BUFG                                 |                                           | elevator/myClock/count100[0]_i_1_n_0        |                9 |             68 |
|  clk_in_IBUF_BUFG                                 |                                           |                                             |               21 |            130 |
+---------------------------------------------------+-------------------------------------------+---------------------------------------------+------------------+----------------+


